<?xml version="1.0" encoding="UTF-8"?>
<testsuite name="ca.mcgill.ecse428.postal.testPostalRate" tests="9" skipped="0" failures="0" errors="0" timestamp="2018-03-11T20:00:39" hostname="Juns-MacBook-Air.local" time="2.381">
  <properties/>
  <testcase name="invalidHeight" classname="ca.mcgill.ecse428.postal.testPostalRate" time="0.004"/>
  <testcase name="invalidPostalCodeSender" classname="ca.mcgill.ecse428.postal.testPostalRate" time="0.001"/>
  <testcase name="invalidLength" classname="ca.mcgill.ecse428.postal.testPostalRate" time="0.0"/>
  <testcase name="invalidWeight" classname="ca.mcgill.ecse428.postal.testPostalRate" time="0.001"/>
  <testcase name="invalidType" classname="ca.mcgill.ecse428.postal.testPostalRate" time="0.0"/>
  <testcase name="validationTest" classname="ca.mcgill.ecse428.postal.testPostalRate" time="2.351"/>
  <testcase name="invalidGirthLenght" classname="ca.mcgill.ecse428.postal.testPostalRate" time="0.012"/>
  <testcase name="invalidWidth" classname="ca.mcgill.ecse428.postal.testPostalRate" time="0.001"/>
  <testcase name="invalidPostalCodeReceiver" classname="ca.mcgill.ecse428.postal.testPostalRate" time="0.001"/>
  <system-out><![CDATA[Girth+lenth invalid tests > 300
false
Girth+lenth valid tests < 300
true
Girth+lenth valid tests = 300
true
]]></system-out>
  <system-err><![CDATA[]]></system-err>
</testsuite>
